【2018-08-24 18:56:06】
订单号：20180824185321494999
通知地址：https://pay.clz0451.com/payreturnNL_kimbe.php
通知报文：memberid=10016&orderid=TEST102451535108047296&transaction_id=20180824185321494999&amount=2000.0000&datetime=20180824185602&returncode=00&sign=A2E9791B16292C31F0E9C8FEABE83A8C&attach=no_productattach
HTTP状态：
返回：ok

【2018-08-24 18:56:42】
订单号：20180824185621535456
通知地址：http://43.228.91.27:8085/Pay/lebaiCallBack.action
通知报文：memberid=10115&orderid=180824185617529&transaction_id=20180824185621535456&amount=200.0000&datetime=20180824185642&returncode=00&sign=141A06C5F5B7DD10AEF0927D3713167E&attach=
HTTP状态：
返回：ok

【2018-08-24 18:57:01】
订单号：20180824185628995310
通知地址：http://43.228.91.27:8085/Pay/lebaiCallBack.action
通知报文：memberid=10115&orderid=180824185623530&transaction_id=20180824185628995310&amount=100.0000&datetime=20180824185701&returncode=00&sign=E897E355AE7B884F8920C667F7ED8D5A&attach=
HTTP状态：
返回：ok

【2018-08-24 19:01:18】
订单号：20180824190054544852
通知地址：http://43.228.91.27:8085/Pay/lebaiCallBack.action
通知报文：memberid=10115&orderid=180824190051544&transaction_id=20180824190054544852&amount=100.0000&datetime=20180824190118&returncode=00&sign=2DDABBCF1F31E62DDCFB15FA84BE6F49&attach=
HTTP状态：
返回：ok

【2018-08-24 19:07:54】
订单号：20180824190545579950
通知地址：https://pay.clz0451.com/payreturnNL_kimbe.php
通知报文：memberid=10016&orderid=TEST86661535108787328&transaction_id=20180824190545579950&amount=1000.0000&datetime=20180824190746&returncode=00&sign=9EF5F8E0EF8F11CB70DEAD5F708E093E&attach=no_productattach
HTTP状态：
返回：ok

【2018-08-24 19:07:56】
订单号：20180824190545579950
通知地址：https://pay.clz0451.com/payreturnNL_kimbe.php
通知报文：memberid=10016&orderid=TEST86661535108787328&transaction_id=20180824190545579950&amount=1000.0000&datetime=20180824190751&returncode=00&sign=00E60B50594699ABF065243FC7B4602D&attach=no_productattach
HTTP状态：
返回：ok

【2018-08-24 19:11:57】
订单号：20180824191025495654
通知地址：https://pay.clz0451.com/payreturnNL_kimbe.php
通知报文：memberid=10016&orderid=TEST24431535109068555&transaction_id=20180824191025495654&amount=800.0000&datetime=20180824191153&returncode=00&sign=01D92C39C0418EB400D1DDBC826AC99A&attach=no_productattach
HTTP状态：
返回：ok

【2018-08-24 19:16:35】
订单号：20180824191544485050
通知地址：https://pay.clz0451.com/payreturnNL_kimbe.php
通知报文：memberid=10016&orderid=TEST59421535109389455&transaction_id=20180824191544485050&amount=2000.0000&datetime=20180824191631&returncode=00&sign=02C5847BEAAC063961AB9E37B28E9033&attach=no_productattach
HTTP状态：
返回：ok

【2018-08-24 19:16:35】
订单号：20180824191544485050
通知地址：https://pay.clz0451.com/payreturnNL_kimbe.php
通知报文：memberid=10016&orderid=TEST59421535109389455&transaction_id=20180824191544485050&amount=2000.0000&datetime=20180824191632&returncode=00&sign=F2249F33E105A197BBAB704D1F846882&attach=no_productattach
HTTP状态：
返回：ok

【2018-08-24 19:23:31】
订单号：20180824192253100571
通知地址：http://43.228.91.27:8085/Pay/lebaiCallBack.action
通知报文：memberid=10115&orderid=180824192251604&transaction_id=20180824192253100571&amount=100.0000&datetime=20180824192331&returncode=00&sign=96A5E1E6C1FB387E5FDFD35C1555909A&attach=
HTTP状态：
返回：ok

【2018-08-24 19:23:57】
订单号：20180824192232564951
通知地址：http://210.244.19.211:8085/Pay/lebaiCallBack.action
通知报文：memberid=10018&orderid=pc180824192337442&transaction_id=20180824192232564951&amount=5000.0000&datetime=20180824192353&returncode=00&sign=F30D20175E440CBB66246A5822FE55A1&attach=123
HTTP状态：
返回：ok

【2018-08-24 19:27:22】
订单号：20180824192700525454
通知地址：http://a.888css.com/api/cashier/save/notifyLbf/payId/1535109999991199005b7feb6ff2037
通知报文：memberid=10108&orderid=10052107&transaction_id=20180824192700525454&amount=20.0000&datetime=20180824192722&returncode=00&sign=E508D6AA19A24FF24F1D8B281F5FFEC6&attach=oid|10052107
HTTP状态：
返回：ok

【2018-08-24 19:31:27】
订单号：20180824193043515256
通知地址：http://a.888css.com/api/cashier/save/notifyLbf/payId/1535110238764003005b7fec5eba8b3
通知报文：memberid=10108&orderid=10052108&transaction_id=20180824193043515256&amount=300.0000&datetime=20180824193126&returncode=00&sign=E9D576D25E48673B4561AE29676A983C&attach=oid|10052108
HTTP状态：
返回：ok

【2018-08-24 19:31:47】
订单号：20180824193126101575
通知地址：http://43.228.91.27:8085/Pay/lebaiCallBack.action
通知报文：memberid=10115&orderid=180824193123637&transaction_id=20180824193126101575&amount=100.0000&datetime=20180824193147&returncode=00&sign=4DF9E4430522132FA768DBA0AB55D01B&attach=
HTTP状态：
返回：ok

【2018-08-24 19:33:59】
订单号：20180824193329571015
通知地址：http://a.888css.com/api/cashier/save/notifyLbf/payId/153511040657343005b7fed060e050
通知报文：memberid=10108&orderid=10052113&transaction_id=20180824193329571015&amount=300.0000&datetime=20180824193358&returncode=00&sign=4DD542BC630204DF44E8D25FC152DADC&attach=oid|10052113
HTTP状态：
返回：ok

【2018-08-24 19:39:51】
订单号：20180824193718101505
通知地址：http://a.888css.com/api/cashier/save/notifyLbf/payId/1535110630301774005b7fede649b1f
通知报文：memberid=10108&orderid=10052114&transaction_id=20180824193718101505&amount=1000.0000&datetime=20180824193950&returncode=00&sign=688C1843A3D0B4271A8CEE49AE77F8A5&attach=oid|10052114
HTTP状态：
返回：ok

【2018-08-24 19:39:57】
订单号：20180824193718101505
通知地址：http://a.888css.com/api/cashier/save/notifyLbf/payId/1535110630301774005b7fede649b1f
通知报文：memberid=10108&orderid=10052114&transaction_id=20180824193718101505&amount=1000.0000&datetime=20180824193951&returncode=00&sign=B5AEB5FE89B76999B8B5DE29975B90D5&attach=oid|10052114
HTTP状态：
返回：此次付款已经完结

【2018-08-24 19:45:48】
订单号：20180824194450504851
通知地址：http://payuu.uuplush.com/notiflbf.aspx
通知报文：memberid=10097&orderid=1535111140838&transaction_id=20180824194450504851&amount=1000.0000&datetime=20180824194548&returncode=00&sign=8957C67A8A31F763CD7374D0BE1B391F&attach=5080
HTTP状态：
返回：ok

【2018-08-24 19:46:46】
订单号：20180824194630545198
通知地址：http://43.228.91.27:8085/Pay/lebaiCallBack.action
通知报文：memberid=10115&orderid=180824194601693&transaction_id=20180824194630545198&amount=100.0000&datetime=20180824194646&returncode=00&sign=C40DE41FBAA517E7E4F0257657C1881D&attach=
HTTP状态：
返回：ok

【2018-08-24 20:01:04】
订单号：20180824200050505453
通知地址：http://a.888css.com/api/cashier/save/notifyLbf/payId/1535112046363578005b7ff36e58c8d
通知报文：memberid=10108&orderid=10052118&transaction_id=20180824200050505453&amount=50.0000&datetime=20180824200104&returncode=00&sign=12250F0D599D2E1C9E83278BC682CF1F&attach=oid|10052118
HTTP状态：
返回：ok

【2018-08-24 20:01:50】
订单号：20180824200110545749
通知地址：http://payuu.uuplush.com/notiflbf.aspx
通知报文：memberid=10097&orderid=1535112120922&transaction_id=20180824200110545749&amount=1000.0000&datetime=20180824200150&returncode=00&sign=6355D281605B0E79232383871BB617E0&attach=5081
HTTP状态：
返回：ok

【2018-08-24 20:06:53】
订单号：20180824200620995153
通知地址：http://payuu.uuplush.com/notiflbf.aspx
通知报文：memberid=10097&orderid=1535112430580&transaction_id=20180824200620995153&amount=1000.0000&datetime=20180824200653&returncode=00&sign=3AAB37C9EB094B692F1ABE13DC43D36E&attach=5083
HTTP状态：
返回：ok

【2018-08-24 20:07:08】
订单号：20180824200608485257
通知地址：https://pay.clz0451.com/payreturnNL_kimbe.php
通知报文：memberid=10016&orderid=TEST103341535112412696&transaction_id=20180824200608485257&amount=100.0000&datetime=20180824200701&returncode=00&sign=5178120A016BCA7813F724B04995750D&attach=no_productattach
HTTP状态：
返回：ok

【2018-08-24 20:07:08】
订单号：20180824200608485257
通知地址：https://pay.clz0451.com/payreturnNL_kimbe.php
通知报文：memberid=10016&orderid=TEST103341535112412696&transaction_id=20180824200608485257&amount=100.0000&datetime=20180824200701&returncode=00&sign=5178120A016BCA7813F724B04995750D&attach=no_productattach
HTTP状态：
返回：ok

【2018-08-24 20:07:35】
订单号：20180824200710101481
通知地址：http://43.228.91.27:8085/Pay/lebaiCallBack.action
通知报文：memberid=10115&orderid=180824200703745&transaction_id=20180824200710101481&amount=300.0000&datetime=20180824200735&returncode=00&sign=EC95A67FD7B9F0B2FA62C52501DA5483&attach=
HTTP状态：
返回：ok

【2018-08-24 20:12:50】
订单号：20180824201115519910
通知地址：http://210.244.19.211:8085/Pay/lebaiCallBack.action
通知报文：memberid=10018&orderid=pc180824201220857&transaction_id=20180824201115519910&amount=2000.0000&datetime=20180824201245&returncode=00&sign=9728AA75E39CF3BF92FAE1EC67BED854&attach=123
HTTP状态：
返回：ok

【2018-08-24 20:17:35】
订单号：20180824201635515550
通知地址：http://payuu.uuplush.com/notiflbf.aspx
通知报文：memberid=10097&orderid=1535113046095&transaction_id=20180824201635515550&amount=1000.0000&datetime=20180824201734&returncode=00&sign=89E4FEA9B0E923EF91A12E3E894C5AEB&attach=5088
HTTP状态：
返回：ok

【2018-08-24 20:20:57】
订单号：20180824202031102999
通知地址：http://43.228.91.27:8085/Pay/lebaiCallBack.action
通知报文：memberid=10115&orderid=180824202026782&transaction_id=20180824202031102999&amount=500.0000&datetime=20180824202057&returncode=00&sign=C93B4413345E6DD1AD4134AD3838FFC9&attach=
HTTP状态：
返回：ok

【2018-08-24 20:22:34】
订单号：20180824202217575497
通知地址：http://43.228.91.27:8085/Pay/lebaiCallBack.action
通知报文：memberid=10115&orderid=180824202213796&transaction_id=20180824202217575497&amount=100.0000&datetime=20180824202234&returncode=00&sign=B3A1E2B24F7A46A0D8A3C9BE8E6B23D9&attach=
HTTP状态：
返回：ok

【2018-08-24 20:22:36】
订单号：20180824202131989751
通知地址：http://43.228.91.27:8085/Pay/lebaiCallBack.action
通知报文：memberid=10115&orderid=180824202129792&transaction_id=20180824202131989751&amount=300.0000&datetime=20180824202236&returncode=00&sign=F59AE987C135858D6AA5B542345D0F0D&attach=
HTTP状态：
返回：ok

【2018-08-24 20:29:29】
订单号：20180824202901100485
通知地址：http://43.228.91.27:8085/Pay/lebaiCallBack.action
通知报文：memberid=10115&orderid=180824202858809&transaction_id=20180824202901100485&amount=500.0000&datetime=20180824202929&returncode=00&sign=8B7DA16FF102548042968D9C81FB8E40&attach=
HTTP状态：
返回：ok

【2018-08-24 20:30:39】
订单号：20180824203018975610
通知地址：http://43.228.91.27:8085/Pay/lebaiCallBack.action
通知报文：memberid=10115&orderid=180824203015810&transaction_id=20180824203018975610&amount=100.0000&datetime=20180824203039&returncode=00&sign=794C0D6BA099FE115D83DC3ED1742B39&attach=
HTTP状态：
返回：ok

【2018-08-24 20:32:48】
订单号：20180824203144485697
通知地址：http://a.888css.com/api/cashier/save/notifyLbf/payId/1535113899655293005b7ffaaba000f
通知报文：memberid=10108&orderid=10052124&transaction_id=20180824203144485697&amount=1000.0000&datetime=20180824203248&returncode=00&sign=40138B6F2C9A3F096FEE7DBAF1984F20&attach=oid|10052124
HTTP状态：
返回：ok

【2018-08-24 20:38:48】
订单号：20180824203802975448
通知地址：http://payuu.uuplush.com/notiflbf.aspx
通知报文：memberid=10097&orderid=1535114332266&transaction_id=20180824203802975448&amount=1000.0000&datetime=20180824203848&returncode=00&sign=BD781D1ECF16C5F69F4A5F614CB0C213&attach=5079
HTTP状态：
返回：ok

【2018-08-24 20:43:48】
订单号：20180824204311102100
通知地址：http://43.228.91.27:8085/Pay/lebaiCallBack.action
通知报文：memberid=10115&orderid=180824204307846&transaction_id=20180824204311102100&amount=500.0000&datetime=20180824204348&returncode=00&sign=B7D3DB581E30E989052DCA176CCA17CA&attach=
HTTP状态：
返回：ok

【2018-08-24 20:51:38】
订单号：20180824204946975652
通知地址：http://payuu.uuplush.com/notiflbf.aspx
通知报文：memberid=10097&orderid=1535115036809&transaction_id=20180824204946975652&amount=20000.0000&datetime=20180824205138&returncode=00&sign=95E552DCBDD4429DCCA36C9414E8B139&attach=4752
HTTP状态：
返回：ok

【2018-08-24 20:52:28】
订单号：20180824205157100102
通知地址：http://payuu.uuplush.com/notiflbf.aspx
通知报文：memberid=10097&orderid=1535115168098&transaction_id=20180824205157100102&amount=12800.0000&datetime=20180824205227&returncode=00&sign=C085C330AE398878779583105AFEED8A&attach=4752
HTTP状态：
返回：ok

【2018-08-24 20:57:10】
订单号：20180824205613100101
通知地址：http://43.228.91.27:8085/Pay/lebaiCallBack.action
通知报文：memberid=10115&orderid=180824205610870&transaction_id=20180824205613100101&amount=300.0000&datetime=20180824205710&returncode=00&sign=46ABFC632BC882E0898A9D4772F29E84&attach=
HTTP状态：
返回：ok

【2018-08-24 21:03:29】
订单号：20180824210254101565
通知地址：manager.ht.yif666.com/Admincenter/Public.threepay.do
通知报文：memberid=10127&orderid=F1808242102465244&transaction_id=20180824210254101565&amount=100.0000&datetime=20180824210328&returncode=00&sign=6DD0CDEA74C50E824280CBC5C638E1E8&attach=751FAFBA201FD7763B8659B5653DA7CA
HTTP状态：
返回：ok

【2018-08-24 21:05:44】
订单号：20180824210507511014
通知地址：http://a.888css.com/api/cashier/save/notifyLbf/payId/153511590193012005b80027d16ba8
通知报文：memberid=10108&orderid=10052126&transaction_id=20180824210507511014&amount=50.0000&datetime=20180824210544&returncode=00&sign=BAE1EF807CE2A683897803CD396B9B82&attach=oid|10052126
HTTP状态：
返回：ok

【2018-08-24 21:06:24】
订单号：20180824210443985798
通知地址：https://pay.clz0451.com/payreturnNL_kimbe.php
通知报文：memberid=10016&orderid=TEST87401535115929496&transaction_id=20180824210443985798&amount=50.0000&datetime=20180824210622&returncode=00&sign=1CD3ACF1B477E812C515283E6C0C5096&attach=no_productattach
HTTP状态：
返回：ok

【2018-08-24 21:07:03】
订单号：20180824210543551004
通知地址：https://pay.clz0451.com/payreturnNL_kimbe.php
通知报文：memberid=10016&orderid=TEST103551535115987832&transaction_id=20180824210543551004&amount=50.0000&datetime=20180824210656&returncode=00&sign=1932E6B5C322E99EB464A3FA75F1769E&attach=no_productattach
HTTP状态：
返回：ok

【2018-08-24 21:07:04】
订单号：20180824210543551004
通知地址：https://pay.clz0451.com/payreturnNL_kimbe.php
通知报文：memberid=10016&orderid=TEST103551535115987832&transaction_id=20180824210543551004&amount=50.0000&datetime=20180824210701&returncode=00&sign=C44A0C1A1692F95B76A5C78A6165DE34&attach=no_productattach
HTTP状态：
返回：ok

【2018-08-24 21:20:52】
订单号：20180824211919555456
通知地址：https://pay.clz0451.com/payreturnNL_kimbe.php
通知报文：memberid=10016&orderid=TEST21391535116803269&transaction_id=20180824211919555456&amount=30.0000&datetime=20180824212044&returncode=00&sign=294F6EBE898FC0C9C126E8821F094ECD&attach=no_productattach
HTTP状态：
返回：ok

【2018-08-24 21:20:55】
订单号：20180824211919555456
通知地址：https://pay.clz0451.com/payreturnNL_kimbe.php
通知报文：memberid=10016&orderid=TEST21391535116803269&transaction_id=20180824211919555456&amount=30.0000&datetime=20180824212051&returncode=00&sign=F60225279492A1981DD7A09ACF8AEB3D&attach=no_productattach
HTTP状态：
返回：ok

【2018-08-24 21:21:25】
订单号：20180824211938979797
通知地址：https://pay.clz0451.com/payreturnNL_kimbe.php
通知报文：memberid=10016&orderid=TEST101401535116825500&transaction_id=20180824211938979797&amount=1000.0000&datetime=20180824212117&returncode=00&sign=05ADECC43C2384CF2A8F0C26D920107A&attach=no_productattach
HTTP状态：
返回：ok

【2018-08-24 21:21:28】
订单号：20180824211938979797
通知地址：https://pay.clz0451.com/payreturnNL_kimbe.php
通知报文：memberid=10016&orderid=TEST101401535116825500&transaction_id=20180824211938979797&amount=1000.0000&datetime=20180824212121&returncode=00&sign=7ADEB89BC27E537ADE543A136FB0089F&attach=no_productattach
HTTP状态：
返回：ok

【2018-08-24 21:34:05】
订单号：20180824213216485010
通知地址：https://pay.clz0451.com/payreturnNL_kimbe.php
通知报文：memberid=10016&orderid=TEST91031535117582200&transaction_id=20180824213216485010&amount=2000.0000&datetime=20180824213356&returncode=00&sign=A53A7860B83FB89BBCC28359FB4DF229&attach=no_productattach
HTTP状态：
返回：ok

【2018-08-24 21:34:07】
订单号：20180824213216485010
通知地址：https://pay.clz0451.com/payreturnNL_kimbe.php
通知报文：memberid=10016&orderid=TEST91031535117582200&transaction_id=20180824213216485010&amount=2000.0000&datetime=20180824213401&returncode=00&sign=56AF456D48809DF9697FA0D66CDC1C75&attach=no_productattach
HTTP状态：
返回：ok

【2018-08-24 21:37:50】
订单号：20180824213639559956
通知地址：https://pay.clz0451.com/payreturnNL_kimbe.php
通知报文：memberid=10016&orderid=TEST103621535117845023&transaction_id=20180824213639559956&amount=50.0000&datetime=20180824213744&returncode=00&sign=3F30B2A8711411123E815B8379052622&attach=no_productattach
HTTP状态：
返回：ok

【2018-08-24 21:41:25】
订单号：20180824214007554956
通知地址：https://pay.clz0451.com/payreturnNL_kimbe.php
通知报文：memberid=10016&orderid=TEST103541535118052592&transaction_id=20180824214007554956&amount=5000.0000&datetime=20180824214122&returncode=00&sign=DFC55B64891D9922C59A1C8FCC2EF5DF&attach=no_productattach
HTTP状态：
返回：ok

【2018-08-24 21:52:38】
订单号：20180824214819519910
通知地址：https://pay.clz0451.com/payreturnNL_kimbe.php
通知报文：memberid=10016&orderid=TEST103541535118545265&transaction_id=20180824214819519910&amount=5000.0000&datetime=20180824215236&returncode=00&sign=4E2333430E41E82F3FE0D13D2FD65B0C&attach=no_productattach
HTTP状态：
返回：ok

【2018-08-24 21:57:01】
订单号：20180824215545495253
通知地址：https://pay.clz0451.com/payreturnNL_kimbe.php
通知报文：memberid=10016&orderid=TEST93151535118989448&transaction_id=20180824215545495253&amount=2000.0000&datetime=20180824215657&returncode=00&sign=54357EAD8B6921E3FC4C45377AEDEF5B&attach=no_productattach
HTTP状态：
返回：ok

【2018-08-24 21:57:07】
订单号：20180824215545495253
通知地址：https://pay.clz0451.com/payreturnNL_kimbe.php
通知报文：memberid=10016&orderid=TEST93151535118989448&transaction_id=20180824215545495253&amount=2000.0000&datetime=20180824215701&returncode=00&sign=FD341B7C167AB538703C66AEE006E635&attach=no_productattach
HTTP状态：
返回：ok

【2018-08-24 22:05:27】
订单号：20180824220345499854
通知地址：http://payuu.uuplush.com/notiflbf.aspx
通知报文：memberid=10097&orderid=1535119475740&transaction_id=20180824220345499854&amount=1000.0000&datetime=20180824220526&returncode=00&sign=2A1B2540E36A6504477FC2BEA7036251&attach=5077
HTTP状态：
返回：ok

【2018-08-24 22:12:45】
订单号：20180824221226971009
通知地址：http://a.888css.com/api/cashier/save/notifyLbf/payId/1535119940358778005b801244579ca
通知报文：memberid=10108&orderid=10052132&transaction_id=20180824221226971009&amount=10.0000&datetime=20180824221244&returncode=00&sign=FA5EEF591DD3BDF999CF7AD033F71E35&attach=oid|10052132
HTTP状态：
返回：ok

【2018-08-24 22:37:14】
订单号：20180824223353499855
通知地址：http://payuu.uuplush.com/notiflbf.aspx
通知报文：memberid=10097&orderid=1535121230080&transaction_id=20180824223353499855&amount=1000.0000&datetime=20180824223714&returncode=00&sign=3995710473596A6855B189A6579F35B9&attach=4987
HTTP状态：
返回：ok

【2018-08-24 22:41:33】
订单号：20180824224016485249
通知地址：http://payuu.uuplush.com/notiflbf.aspx
通知报文：memberid=10097&orderid=1535121612168&transaction_id=20180824224016485249&amount=1000.0000&datetime=20180824224133&returncode=00&sign=EDC40FC9BDB9325229B173CB91941B07&attach=5097
HTTP状态：
返回：ok

【2018-08-24 22:46:16】
订单号：20180824224555515298
通知地址：http://a.888css.com/api/cashier/save/notifyLbf/payId/1535121953540149005b801a2183e44
通知报文：memberid=10108&orderid=10052145&transaction_id=20180824224555515298&amount=300.0000&datetime=20180824224616&returncode=00&sign=AAF98AA3EEE6108E7057458CA42122CF&attach=oid|10052145
HTTP状态：
返回：ok

【2018-08-24 22:57:12】
订单号：20180824225652521015
通知地址：http://a.888css.com/api/cashier/save/notifyLbf/payId/1535122603426536005b801cab6827c
通知报文：memberid=10108&orderid=10052146&transaction_id=20180824225652521015&amount=10.0000&datetime=20180824225712&returncode=00&sign=FF2E428780E4EEC8F29C05F7D2C50E40&attach=oid|10052146
HTTP状态：
返回：ok

【2018-08-24 23:00:48】
订单号：20180824230027989910
通知地址：http://a.888css.com/api/cashier/save/notifyLbf/payId/1535122821482149005b801d8575bb5
通知报文：memberid=10108&orderid=10052147&transaction_id=20180824230027989910&amount=10.0000&datetime=20180824230048&returncode=00&sign=B7E5D94D2D27762EBBE72C6E799C5160&attach=oid|10052147
HTTP状态：
返回：ok

【2018-08-24 23:01:31】
订单号：20180824230037535655
通知地址：https://pay.clz0451.com/payreturnNL_kimbe.php
通知报文：memberid=10016&orderid=TEST64991535122883723&transaction_id=20180824230037535655&amount=2000.0000&datetime=20180824230125&returncode=00&sign=4DBD5688265C2C710039F52F8289CF93&attach=no_productattach
HTTP状态：
返回：ok

【2018-08-24 23:02:55】
订单号：20180824230111559899
通知地址：https://pay.clz0451.com/payreturnNL_kimbe.php
通知报文：memberid=10016&orderid=TEST103811535122912372&transaction_id=20180824230111559899&amount=100.0000&datetime=20180824230248&returncode=00&sign=EFE9ACE5CE0EE1BB28087ED5BB3252F6&attach=no_productattach
HTTP状态：
返回：ok

【2018-08-24 23:02:57】
订单号：20180824230111559899
通知地址：https://pay.clz0451.com/payreturnNL_kimbe.php
通知报文：memberid=10016&orderid=TEST103811535122912372&transaction_id=20180824230111559899&amount=100.0000&datetime=20180824230251&returncode=00&sign=99334ED903C5B26861569315CC38F050&attach=no_productattach
HTTP状态：
返回：ok

【2018-08-24 23:07:54】
订单号：20180824230535102100
通知地址：https://pay.clz0451.com/payreturnNL_kimbe.php
通知报文：memberid=10016&orderid=TEST103781535123181958&transaction_id=20180824230535102100&amount=5000.0000&datetime=20180824230751&returncode=00&sign=4402FFB04B996445D332084E421BD809&attach=no_productattach
HTTP状态：
返回：ok

【2018-08-24 23:08:00】
订单号：20180824230535102100
通知地址：https://pay.clz0451.com/payreturnNL_kimbe.php
通知报文：memberid=10016&orderid=TEST103781535123181958&transaction_id=20180824230535102100&amount=5000.0000&datetime=20180824230751&returncode=00&sign=4402FFB04B996445D332084E421BD809&attach=no_productattach
HTTP状态：
返回：ok

【2018-08-24 23:08:49】
订单号：20180824230735559750
通知地址：https://pay.clz0451.com/payreturnNL_kimbe.php
通知报文：memberid=10016&orderid=TEST103801535123301014&transaction_id=20180824230735559750&amount=300.0000&datetime=20180824230844&returncode=00&sign=D54E4360C6454751F35464FB01853494&attach=no_productattach
HTTP状态：
返回：ok

【2018-08-24 23:20:12】
订单号：20180824231955985510
通知地址：http://a.888css.com/api/cashier/save/notifyLbf/payId/1535123987521836005b8022137f6bb
通知报文：memberid=10108&orderid=10052148&transaction_id=20180824231955985510&amount=10.0000&datetime=20180824232012&returncode=00&sign=9A697DBB1CF731C3CAF5A2A8E5DD7C98&attach=oid|10052148
HTTP状态：
返回：ok

【2018-08-24 23:26:04】
订单号：20180824232409575610
通知地址：https://pay.clz0451.com/payreturnNL_kimbe.php
通知报文：memberid=10016&orderid=TEST103831535124296027&transaction_id=20180824232409575610&amount=200.0000&datetime=20180824232601&returncode=00&sign=61EBBA288447BD7BC39D40CC9DC39779&attach=no_productattach
HTTP状态：
返回：ok

【2018-08-24 23:26:08】
订单号：20180824232409575610
通知地址：https://pay.clz0451.com/payreturnNL_kimbe.php
通知报文：memberid=10016&orderid=TEST103831535124296027&transaction_id=20180824232409575610&amount=200.0000&datetime=20180824232601&returncode=00&sign=61EBBA288447BD7BC39D40CC9DC39779&attach=no_productattach
HTTP状态：
返回：ok

【2018-08-24 23:52:47】
订单号：20180824235225575310
通知地址：http://a.888css.com/api/cashier/save/notifyLbf/payId/1535125941234554005b8029b539485
通知报文：memberid=10108&orderid=10052149&transaction_id=20180824235225575310&amount=20.0000&datetime=20180824235246&returncode=00&sign=2A2C5BA61F023FF4F75F99E218539986&attach=oid|10052149
HTTP状态：
返回：ok

