【2018-09-14 17:40:39】
订单号：20180914173927102531
通知地址：http://www.100pay.cc/demo/server.php
通知报文：memberid=10008&orderid=E20180914173923340523&transaction_id=20180914173927102531&amount=10.0000&datetime=20180914174039&returncode=00&sign=95B328CE6252104F4FD9B748603A4520&attach=1234|456
HTTP状态：
返回：ok

【2018-09-14 21:17:16】
订单号：20180914211635514849
通知地址：http://www.100pay.cc/pay/server.php
通知报文：memberid=10145&orderid=E20180914211630223336&transaction_id=20180914211635514849&amount=10.0000&datetime=20180914211716&returncode=00&sign=A5B70A9C29FD97AEF652F5FDFD41BF64&attach=1234|456
HTTP状态：
返回：

【2018-09-14 21:17:21】
订单号：20180914211635514849
通知地址：http://www.100pay.cc/pay/server.php
通知报文：memberid=10145&orderid=E20180914211630223336&transaction_id=20180914211635514849&amount=10.0000&datetime=20180914211721&returncode=00&sign=148ADC58D286193104433A08CDF2AAE9&attach=1234|456
HTTP状态：
返回：

【2018-09-14 21:17:41】
订单号：20180914211635514849
通知地址：http://www.100pay.cc/pay/server.php
通知报文：memberid=10145&orderid=E20180914211630223336&transaction_id=20180914211635514849&amount=10.0000&datetime=20180914211741&returncode=00&sign=2B2262B8757C89FEDF5BB62DF651866E&attach=1234|456
HTTP状态：
返回：

【2018-09-14 21:18:01】
订单号：20180914211635514849
通知地址：http://www.100pay.cc/pay/server.php
通知报文：memberid=10145&orderid=E20180914211630223336&transaction_id=20180914211635514849&amount=10.0000&datetime=20180914211801&returncode=00&sign=61A54B77466CFF023EBA61B4F7358B96&attach=1234|456
HTTP状态：
返回：

【2018-09-14 21:18:21】
订单号：20180914211635514849
通知地址：http://www.100pay.cc/pay/server.php
通知报文：memberid=10145&orderid=E20180914211630223336&transaction_id=20180914211635514849&amount=10.0000&datetime=20180914211821&returncode=00&sign=12D33EC3DE1B4DE3A8F4AB7CB0654025&attach=1234|456
HTTP状态：
返回：

【2018-09-14 21:18:41】
订单号：20180914211635514849
通知地址：http://www.100pay.cc/pay/server.php
通知报文：memberid=10145&orderid=E20180914211630223336&transaction_id=20180914211635514849&amount=10.0000&datetime=20180914211841&returncode=00&sign=8FC5779B7CD8AA1B52F2BBF62C4F137D&attach=1234|456
HTTP状态：
返回：

